<?xml version="1.0" encoding="UTF-8"?>
<!-- Generated by org.testng.reporters.JUnitReportReporter -->
<testsuite hostname="DESKTOP-9M5K8D7" name="build.com.Automation.testCases.Signin" tests="1" failures="0" timestamp="30 Apr 2020 18:57:25 GMT" time="31.155" errors="0">
  <testcase name="register" time="31.155" classname="build.com.Automation.testCases.Signin"/>
</testsuite> <!-- build.com.Automation.testCases.Signin -->
