<?xml version="1.0" encoding="UTF-8"?>
<!-- Generated by org.testng.reporters.JUnitReportReporter -->
<testsuite hostname="DESKTOP-9M5K8D7" name="build.com.Automation.testCases.Login" tests="1" failures="0" timestamp="29 Apr 2020 20:17:14 GMT" time="21.125" errors="0">
  <testcase name="login" time="21.125" classname="build.com.Automation.testCases.Login"/>
</testsuite> <!-- build.com.Automation.testCases.Login -->
