<?xml version="1.0" encoding="UTF-8"?>
<!-- Generated by org.testng.reporters.JUnitReportReporter -->
<testsuite hostname="DESKTOP-9M5K8D7" name="build.com.Automation.testCases.AddToCart" tests="1" failures="0" timestamp="1 May 2020 05:20:08 GMT" time="34.421" errors="0">
  <testcase name="addToCart" time="34.421" classname="build.com.Automation.testCases.AddToCart"/>
</testsuite> <!-- build.com.Automation.testCases.AddToCart -->
